<!DOCTYPE HTML PUBLIC "-//W3C//DTD HTML 4.01 Transitional//EN">
<HTML>
 
<!-- Mirrored from lists.forgerock.org/pipermail/commons/2015-March/002773.html by HTTrack Website Copier/3.x [XR&CO'2014], Fri, 07 Sep 2018 01:33:28 GMT -->
<HEAD>
   <TITLE> [Commons] Build failed in Jenkins: Commons - ForgeRock REST - branch 2.x - postcommit &#187; JSON Test Utilities #36
   </TITLE>
   <LINK REL="Index" HREF="index.html" >
   <LINK REL="made" HREF="mailto:commons%40forgerock.org?Subject=Re:%20Re%3A%20%5BCommons%5D%20%3D%3Futf-8%3Fq%3FBuild_failed_in_Jenkins%3D3A_Commons_-_ForgeRoc%3F%3D%0A%20%3D%3Futf-8%3Fq%3Fk_REST_-_branch_2%3D2Ex_-_postcommit_%3DC2%3DBB_JSON_Test_Utilities_%3F%3D%0A%20%3D%3Futf-8%3Fb%3FIzM2%3F%3D&In-Reply-To=%3C19628045.1919.1426043551854.JavaMail.jenkins%40builds.internal.forgerock.com%3E">
   <META NAME="robots" CONTENT="index,nofollow">
   <style type="text/css">
       pre {
           white-space: pre-wrap;       /* css-2.1, curent FF, Opera, Safari */
           }
   </style>
   <META http-equiv="Content-Type" content="text/html; charset=us-ascii">
   <LINK REL="Previous"  HREF="002772.html">
   <LINK REL="Next"  HREF="002778.html">
 </HEAD>
 <BODY BGCOLOR="#ffffff">
   <H1>[Commons] Build failed in Jenkins: Commons - ForgeRock REST - branch 2.x - postcommit &#187; JSON Test Utilities #36</H1>
    <B>techies at forgerock.com</B> 
    <A HREF="mailto:commons%40forgerock.org?Subject=Re:%20Re%3A%20%5BCommons%5D%20%3D%3Futf-8%3Fq%3FBuild_failed_in_Jenkins%3D3A_Commons_-_ForgeRoc%3F%3D%0A%20%3D%3Futf-8%3Fq%3Fk_REST_-_branch_2%3D2Ex_-_postcommit_%3DC2%3DBB_JSON_Test_Utilities_%3F%3D%0A%20%3D%3Futf-8%3Fb%3FIzM2%3F%3D&In-Reply-To=%3C19628045.1919.1426043551854.JavaMail.jenkins%40builds.internal.forgerock.com%3E"
       TITLE="[Commons] Build failed in Jenkins: Commons - ForgeRock REST - branch 2.x - postcommit &#187; JSON Test Utilities #36">techies at forgerock.com
       </A><BR>
    <I>Wed Mar 11 03:12:31 GMT 2015</I>
    <P><UL>
        <LI>Previous message: <A HREF="002772.html">[Commons] [3018] forgerock-ui/branches/2.0.0: [maven-release-plugin] prepare for next development iteration
</A></li>
        <LI>Next message: <A HREF="002778.html">[Commons] Build failed in Jenkins: Commons - ForgeRock REST - branch 2.x - postcommit &#187; JSON Test Utilities #37
</A></li>
         <LI> <B>Messages sorted by:</B> 
              <a href="date.html#2773">[ date ]</a>
              <a href="thread.html#2773">[ thread ]</a>
              <a href="subject.html#2773">[ subject ]</a>
              <a href="author.html#2773">[ author ]</a>
         </LI>
       </UL>
    <HR>  
<!--beginarticle-->
<PRE>See &lt;<A HREF="https://builds.forgerock.org/job/Commons - ForgeRock REST - branch 2.x - postcommit/org.forgerock.commons$json-test/36/">https://builds.forgerock.org/job/Commons%20-%20ForgeRock%20REST%20-%20branch%202.x%20-%20postcommit/org.forgerock.commons$json-test/36/</A>&gt;

------------------------------------------
Notifying upstream projects of job completion
Join notifier requires a CauseAction
[INFO]                                                                         
[INFO] ------------------------------------------------------------------------
[INFO] Building JSON Test Utilities 2.5.0-SNAPSHOT
[INFO] ------------------------------------------------------------------------
Downloading: <A HREF="http://maven.forgerock.org/repo/snapshots/org/forgerock/commons/forgerock-test-utils/1.4.0-SNAPSHOT/maven-metadata.xml">http://maven.forgerock.org/repo/snapshots/org/forgerock/commons/forgerock-test-utils/1.4.0-SNAPSHOT/maven-metadata.xml</A>
Downloaded: <A HREF="http://maven.forgerock.org/repo/snapshots/org/forgerock/commons/forgerock-test-utils/1.4.0-SNAPSHOT/maven-metadata.xml">http://maven.forgerock.org/repo/snapshots/org/forgerock/commons/forgerock-test-utils/1.4.0-SNAPSHOT/maven-metadata.xml</A> (2 KB at 3.6 KB/sec)
Downloading: <A HREF="http://maven.forgerock.org/repo/snapshots/org/forgerock/commons/forgerock-test-utils/1.4.0-SNAPSHOT/forgerock-test-utils-1.4.0-20150311.030306-2.pom">http://maven.forgerock.org/repo/snapshots/org/forgerock/commons/forgerock-test-utils/1.4.0-SNAPSHOT/forgerock-test-utils-1.4.0-20150311.030306-2.pom</A>
Downloaded: <A HREF="http://maven.forgerock.org/repo/snapshots/org/forgerock/commons/forgerock-test-utils/1.4.0-SNAPSHOT/forgerock-test-utils-1.4.0-20150311.030306-2.pom">http://maven.forgerock.org/repo/snapshots/org/forgerock/commons/forgerock-test-utils/1.4.0-SNAPSHOT/forgerock-test-utils-1.4.0-20150311.030306-2.pom</A> (3 KB at 7.7 KB/sec)
Downloading: <A HREF="http://maven.forgerock.org/repo/snapshots/org/forgerock/commons/forgerock-test-utils/1.4.0-SNAPSHOT/forgerock-test-utils-1.4.0-20150311.030306-2.jar">http://maven.forgerock.org/repo/snapshots/org/forgerock/commons/forgerock-test-utils/1.4.0-SNAPSHOT/forgerock-test-utils-1.4.0-20150311.030306-2.jar</A>
Downloaded: <A HREF="http://maven.forgerock.org/repo/snapshots/org/forgerock/commons/forgerock-test-utils/1.4.0-SNAPSHOT/forgerock-test-utils-1.4.0-20150311.030306-2.jar">http://maven.forgerock.org/repo/snapshots/org/forgerock/commons/forgerock-test-utils/1.4.0-SNAPSHOT/forgerock-test-utils-1.4.0-20150311.030306-2.jar</A> (11 KB at 26.3 KB/sec)
[INFO] 
[INFO] --- maven-clean-plugin:2.5:clean (default-clean) @ json-test ---
[INFO] 
[INFO] --- maven-enforcer-plugin:1.1.1:enforce (enforce-plugin-versions) @ json-test ---
[INFO] 
[INFO] --- maven-enforcer-plugin:1.1.1:enforce (enforce-java-version) @ json-test ---
[INFO] 
[INFO] --- maven-enforcer-plugin:1.1.1:enforce (enforce-maven-version) @ json-test ---
[WARNING] Failed to getClass for org.apache.maven.plugin.source.SourceJarMojo
[INFO] 
[INFO] --- maven-source-plugin:2.2.1:jar (default-cli) @ json-test ---
[INFO] Building jar: &lt;<A HREF="https://builds.forgerock.org/job/Commons - ForgeRock REST - branch 2.x - postcommit/org.forgerock.commons$json-test/ws/target/json-test-2.5.0-SNAPSHOT-sources.jar">https://builds.forgerock.org/job/Commons%20-%20ForgeRock%20REST%20-%20branch%202.x%20-%20postcommit/org.forgerock.commons$json-test/ws/target/json-test-2.5.0-SNAPSHOT-sources.jar</A>&gt;
[INFO] 
[INFO] --- maven-enforcer-plugin:1.1.1:enforce (enforce-plugin-versions) @ json-test ---
[INFO] 
[INFO] --- maven-enforcer-plugin:1.1.1:enforce (enforce-java-version) @ json-test ---
[INFO] 
[INFO] --- maven-enforcer-plugin:1.1.1:enforce (enforce-maven-version) @ json-test ---
[INFO] 
[INFO] --- maven-resources-plugin:2.6:resources (default-resources) @ json-test ---
[INFO] Using 'UTF-8' encoding to copy filtered resources.
[INFO] skip non existing resourceDirectory &lt;<A HREF="https://builds.forgerock.org/job/Commons - ForgeRock REST - branch 2.x - postcommit/org.forgerock.commons$json-test/ws/src/main/resources">https://builds.forgerock.org/job/Commons%20-%20ForgeRock%20REST%20-%20branch%202.x%20-%20postcommit/org.forgerock.commons$json-test/ws/src/main/resources</A>&gt;
[INFO] 
[INFO] --- maven-compiler-plugin:3.0:compile (default-compile) @ json-test ---
[INFO] Changes detected - recompiling the module!
[INFO] Compiling 2 source files to &lt;<A HREF="https://builds.forgerock.org/job/Commons - ForgeRock REST - branch 2.x - postcommit/org.forgerock.commons$json-test/ws/target/classes">https://builds.forgerock.org/job/Commons%20-%20ForgeRock%20REST%20-%20branch%202.x%20-%20postcommit/org.forgerock.commons$json-test/ws/target/classes</A>&gt;
[INFO] -------------------------------------------------------------
[ERROR] COMPILATION ERROR : 
[INFO] -------------------------------------------------------------
[ERROR] &lt;<A HREF="https://builds.forgerock.org/job/Commons - ForgeRock REST - branch 2.x - postcommit/org.forgerock.commons$json-test/ws/src/main/java/org/forgerock/json/test/assertj/AssertJJsonValueAssert.java">https://builds.forgerock.org/job/Commons%20-%20ForgeRock%20REST%20-%20branch%202.x%20-%20postcommit/org.forgerock.commons$json-test/ws/src/main/java/org/forgerock/json/test/assertj/AssertJJsonValueAssert.java</A>&gt;:[70,19] org.forgerock.json.test.assertj.AssertJJsonValueAssert.AssertJJsonValuePromiseAssert is not abstract and does not override abstract method createSucceededAssert(org.forgerock.json.fluent.JsonValue) in org.forgerock.util.test.assertj.AbstractAssertJPromiseAssert
[ERROR] &lt;<A HREF="https://builds.forgerock.org/job/Commons - ForgeRock REST - branch 2.x - postcommit/org.forgerock.commons$json-test/ws/src/main/java/org/forgerock/json/test/assertj/AssertJJsonValueAssert.java">https://builds.forgerock.org/job/Commons%20-%20ForgeRock%20REST%20-%20branch%202.x%20-%20postcommit/org.forgerock.commons$json-test/ws/src/main/java/org/forgerock/json/test/assertj/AssertJJsonValueAssert.java</A>&gt;:[74,13] cannot find symbol
symbol  : constructor AbstractAssertJPromiseAssert(org.forgerock.util.promise.Promise&lt;org.forgerock.json.fluent.JsonValue,capture#146 of ?&gt;,java.lang.Class&lt;org.forgerock.json.test.assertj.AssertJJsonValueAssert.AssertJJsonValuePromiseAssert&gt;,&lt;anonymous org.forgerock.util.promise.Function&lt;org.forgerock.json.fluent.JsonValue,org.forgerock.json.test.assertj.AssertJJsonValueAssert.PromisedJsonValueAssert,java.lang.RuntimeException&gt;&gt;)
location: class org.forgerock.util.test.assertj.AbstractAssertJPromiseAssert&lt;org.forgerock.json.fluent.JsonValue,org.forgerock.json.test.assertj.AssertJJsonValueAssert.AssertJJsonValuePromiseAssert,org.forgerock.json.test.assertj.AssertJJsonValueAssert.PromisedJsonValueAssert&gt;
[ERROR] &lt;<A HREF="https://builds.forgerock.org/job/Commons - ForgeRock REST - branch 2.x - postcommit/org.forgerock.commons$json-test/ws/src/main/java/org/forgerock/json/test/fest/FestJsonValueAssert.java">https://builds.forgerock.org/job/Commons%20-%20ForgeRock%20REST%20-%20branch%202.x%20-%20postcommit/org.forgerock.commons$json-test/ws/src/main/java/org/forgerock/json/test/fest/FestJsonValueAssert.java</A>&gt;:[73,19] org.forgerock.json.test.fest.FestJsonValueAssert.FestJsonValuePromiseAssert is not abstract and does not override abstract method createSucceededAssert(org.forgerock.json.fluent.JsonValue) in org.forgerock.util.test.fest.AbstractFestPromiseAssert
[ERROR] &lt;<A HREF="https://builds.forgerock.org/job/Commons - ForgeRock REST - branch 2.x - postcommit/org.forgerock.commons$json-test/ws/src/main/java/org/forgerock/json/test/fest/FestJsonValueAssert.java">https://builds.forgerock.org/job/Commons%20-%20ForgeRock%20REST%20-%20branch%202.x%20-%20postcommit/org.forgerock.commons$json-test/ws/src/main/java/org/forgerock/json/test/fest/FestJsonValueAssert.java</A>&gt;:[77,13] cannot find symbol
symbol  : constructor AbstractFestPromiseAssert(org.forgerock.util.promise.Promise&lt;org.forgerock.json.fluent.JsonValue,capture#93 of ?&gt;,java.lang.Class&lt;org.forgerock.json.test.fest.FestJsonValueAssert.FestJsonValuePromiseAssert&gt;,&lt;anonymous org.forgerock.util.promise.Function&lt;org.forgerock.json.fluent.JsonValue,org.forgerock.json.test.fest.FestJsonValueAssert.PromisedJsonValueAssert,java.lang.RuntimeException&gt;&gt;)
location: class org.forgerock.util.test.fest.AbstractFestPromiseAssert&lt;org.forgerock.json.fluent.JsonValue,org.forgerock.json.test.fest.FestJsonValueAssert.FestJsonValuePromiseAssert,org.forgerock.json.test.fest.FestJsonValueAssert.PromisedJsonValueAssert&gt;
[INFO] 4 errors 
[INFO] -------------------------------------------------------------
</PRE>



<!--endarticle-->
    <HR>
    <P><UL>
        <!--threads-->
	<LI>Previous message: <A HREF="002772.html">[Commons] [3018] forgerock-ui/branches/2.0.0: [maven-release-plugin] prepare for next development iteration
</A></li>
	<LI>Next message: <A HREF="002778.html">[Commons] Build failed in Jenkins: Commons - ForgeRock REST - branch 2.x - postcommit &#187; JSON Test Utilities #37
</A></li>
         <LI> <B>Messages sorted by:</B> 
              <a href="date.html#2773">[ date ]</a>
              <a href="thread.html#2773">[ thread ]</a>
              <a href="subject.html#2773">[ subject ]</a>
              <a href="author.html#2773">[ author ]</a>
         </LI>
       </UL>

<hr>
<a href="https://lists.forgerock.org/mailman/listinfo/commons">More information about the Commons
mailing list</a><br>
</body>
<!-- Mirrored from lists.forgerock.org/pipermail/commons/2015-March/002773.html by HTTrack Website Copier/3.x [XR&CO'2014], Fri, 07 Sep 2018 01:33:28 GMT -->
</html>
